********************************************************************************
DUPLICATOR-LITE PACKAGE-LOG: 2017-10-29 05:38:11
NOTICE: Do NOT post to public sites or forums 
********************************************************************************
VERSION:	1.2.26
WORDPRESS:	4.8.2
PHP INFO:	7.0.15 | SAPI: apache2handler
SERVER:		Apache/2.4.25 (Win32) OpenSSL/1.0.2j PHP/7.0.15 
PHP TIME LIMIT: (0) no time limit imposed 
PHP MAX MEMORY: 2048M (128M default) 
MEMORY STACK: 4MB 

********************************************************************************
DATABASE:
********************************************************************************
BUILD MODE:   MYSQLDUMP
MYSQLTIMEOUT: 5000
MYSQLDUMP:    Is Supported 
FILTERED: [] 
RESPONSE: Ran from C:/xampp/mysql/bin/mysqldump.exe 
TABLES: total:39 | filtered:0 | create:39 
SQL CREATED: 20171029_cherakulam_e4d01e1a89d100942958171029053755_database.sql 
SQL FILE SIZE: 899.17KB (920746) 
SQL FILE TIME: 2017-10-29 05:38:12 
SQL RUNTIME: 0.77 sec. 

******************************************************************************** 
ARCHIVE (ZIP): 
******************************************************************************** 
ARCHIVE DIR:  C:/xampp/htdocs/cherakulam 
ARCHIVE FILE: 20171029_cherakulam_e4d01e1a89d100942958171029053755_archive.zip 
FILTERS: *OFF* 
DIRS:
	not set 
FILES:
	not set 
EXTS:  not set 
---------------------------------------- 
COMPRESSING 
SIZE:	112.8MB 
STATS:	Dirs 690 | Files 5,203 
SQL ADDED: 20171029_cherakulam_e4d01e1a89d100942958171029053755_database.sql 
ZipArchive Object
(
    [status] => 0
    [statusSys] => 0
    [numFiles] => 5893
    [filename] => C:\xampp\htdocs\cherakulam\wp-snapshots\tmp\20171029_cherakulam_e4d01e1a89d100942958171029053755_archive.zip
    [comment] => 
)
 
COMPRESSION RESULT: '1' 
COMPRESSED SIZE: 70.22MB 
ARCHIVE RUNTIME: 19.44 sec. 
MEMORY STACK: 4MB 

******************************************************************************** 
MAKE INSTALLER: 
******************************************************************************** 
Build Start 
Build Finished 
Preping for use 
PACK SIZE:  
Template parsed with new data 
Complete [C:/xampp/htdocs/cherakulam/wp-snapshots/tmp/20171029_cherakulam_e4d01e1a89d100942958171029053755_installer.php] 
Added to archive 

******************************************************************************** 
INTEGRITY CHECKS: 
******************************************************************************** 
SQL File: 899.17KB 
Installer File: 438.3KB 
Archive File: 70.22MB  

********************************************************************************
RECORD ID:[3]
TOTAL PROCESS RUNTIME: 20.74 sec.
PEAK PHP MEMORY USED: 6MB
DONE PROCESSING => 20171029_cherakulam 2017-10-29 05:38:32
 
